<?xml version="1.0" encoding="UTF-8"?>
<testsuite xmlns:xsi="http://www.w3.org/2001/XMLSchema-instance" xsi:noNamespaceSchemaLocation="https://maven.apache.org/surefire/maven-surefire-plugin/xsd/surefire-test-report.xsd" version="3.0.2" name="project.iot.Iot.IotApplicationTests" time="3.191" tests="1" errors="0" skipped="0" failures="0">
  <properties>
[...]
</properties>
  <testcase name="contextLoads" classname="project.iot.Iot.IotApplicationTests" time="0.508">
    <system-out><![CDATA[Standard Commons Logging discovery in action with spring-jcl: please remove commons-logging.jar from classpath in order to avoid potential conflicts
19:26:49.318 [main] INFO org.springframework.test.context.support.AnnotationConfigContextLoaderUtils -- Could not detect default configuration classes for test class [project.iot.Iot.IotApplicationTests]: IotApplicationTests does not declare any static, non-private, non-final, nested classes annotated with @Configuration.
19:26:49.388 [main] INFO org.springframework.boot.test.context.SpringBootTestContextBootstrapper -- Found @SpringBootConfiguration project.iot.Iot.IotApplication for test class project.iot.Iot.IotApplicationTests

  .   ____          _            __ _ _
 /\\ / ___'_ __ _ _(_)_ __  __ _ \ \ \ \
( ( )\___ | '_ | '_| | '_ \/ _` | \ \ \ \
 \\/  ___)| |_)| | | | | || (_| |  ) ) ) )
  '  |____| .__|_| |_|_| |_\__, | / / / /
 =========|_|==============|___/=/_/_/_/

 :: Spring Boot ::               (v3.5.10)

2026-02-14T19:26:49.727+01:00  INFO 193669 --- [Iot] [           main] project.iot.Iot.IotApplicationTests      : Starting IotApplicationTests using Java 21.0.10 with PID 193669 (started by malek in /home/malek/projetIot/Iot)
2026-02-14T19:26:49.729+01:00  INFO 193669 --- [Iot] [           main] project.iot.Iot.IotApplicationTests      : No active profile set, falling back to 1 default profile: "default"
2026-02-14T19:26:50.305+01:00  INFO 193669 --- [Iot] [           main] .s.d.r.c.RepositoryConfigurationDelegate : Bootstrapping Spring Data MongoDB repositories in DEFAULT mode.
2026-02-14T19:26:50.345+01:00  INFO 193669 --- [Iot] [           main] .s.d.r.c.RepositoryConfigurationDelegate : Finished Spring Data repository scanning in 34 ms. Found 2 MongoDB repository interfaces.
2026-02-14T19:26:50.642+01:00  INFO 193669 --- [Iot] [unz.mongodb.net] org.mongodb.driver.cluster               : Adding discovered server ac-ig8w0x2-shard-00-00.mwwvunz.mongodb.net:27017 to client view of cluster
2026-02-14T19:26:50.655+01:00  INFO 193669 --- [Iot] [           main] org.mongodb.driver.client                : MongoClient with metadata {"application": {"name": "ProjetIot"}, "driver": {"name": "mongo-java-driver|sync", "version": "5.5.2"}, "os": {"type": "Linux", "name": "Linux", "architecture": "amd64", "version": "6.8.0-100-generic"}, "platform": "Java/Ubuntu/21.0.10+7-Ubuntu-124.04"} created with settings MongoClientSettings{readPreference=primary, writeConcern=WriteConcern{w=null, wTimeout=null ms, journal=null}, retryWrites=true, retryReads=true, readConcern=ReadConcern{level=null}, credential=MongoCredential{mechanism=null, userName='projetiot', source='admin', password=<hidden>, mechanismProperties=<hidden>}, transportSettings=null, commandListeners=[], codecRegistry=ProvidersCodecRegistry{codecProviders=[ValueCodecProvider{}, BsonValueCodecProvider{}, DBRefCodecProvider{}, DBObjectCodecProvider{}, DocumentCodecProvider{}, CollectionCodecProvider{}, IterableCodecProvider{}, MapCodecProvider{}, GeoJsonCodecProvider{}, GridFSFileCodecProvider{}, Jsr310CodecProvider{}, JsonObjectCodecProvider{}, BsonCodecProvider{}, EnumCodecProvider{}, com.mongodb.client.model.mql.ExpressionCodecProvider@55a0f011, com.mongodb.Jep395RecordCodecProvider@7ea42c82, com.mongodb.KotlinCodecProvider@39133244]}, loggerSettings=LoggerSettings{maxDocumentLength=1000}, clusterSettings={hosts=[127.0.0.1:27017], srvHost=projetiot.mwwvunz.mongodb.net, srvServiceName=mongodb, mode=MULTIPLE, requiredClusterType=REPLICA_SET, requiredReplicaSetName='atlas-l6g9x5-shard-0', serverSelector='null', clusterListeners='[]', serverSelectionTimeout='30000 ms', localThreshold='15 ms'}, socketSettings=SocketSettings{connectTimeoutMS=10000, readTimeoutMS=0, receiveBufferSize=0, proxySettings=ProxySettings{host=null, port=null, username=null, password=null}}, heartbeatSocketSettings=SocketSettings{connectTimeoutMS=10000, readTimeoutMS=10000, receiveBufferSize=0, proxySettings=ProxySettings{host=null, port=null, username=null, password=null}}, connectionPoolSettings=ConnectionPoolSettings{maxSize=100, minSize=0, maxWaitTimeMS=120000, maxConnectionLifeTimeMS=0, maxConnectionIdleTimeMS=0, maintenanceInitialDelayMS=0, maintenanceFrequencyMS=60000, connectionPoolListeners=[], maxConnecting=2}, serverSettings=ServerSettings{heartbeatFrequencyMS=10000, minHeartbeatFrequencyMS=500, serverMonitoringMode=AUTO, serverListeners='[]', serverMonitorListeners='[]'}, sslSettings=SslSettings{enabled=true, invalidHostNameAllowed=false, context=null}, applicationName='ProjetIot', compressorList=[], uuidRepresentation=UNSPECIFIED, serverApi=null, autoEncryptionSettings=null, dnsClient=null, inetAddressResolver=null, contextProvider=null, timeoutMS=null}
2026-02-14T19:26:50.664+01:00  INFO 193669 --- [Iot] [unz.mongodb.net] org.mongodb.driver.cluster               : Adding discovered server ac-ig8w0x2-shard-00-02.mwwvunz.mongodb.net:27017 to client view of cluster
2026-02-14T19:26:50.668+01:00  INFO 193669 --- [Iot] [unz.mongodb.net] org.mongodb.driver.cluster               : Adding discovered server ac-ig8w0x2-shard-00-01.mwwvunz.mongodb.net:27017 to client view of cluster
2026-02-14T19:26:50.859+01:00  INFO 193669 --- [Iot] [           main] org.mongodb.driver.client                : MongoClient with metadata {"application": {"name": "ProjetIot"}, "driver": {"name": "mongo-java-driver|sync", "version": "5.5.2"}, "os": {"type": "Linux", "name": "Linux", "architecture": "amd64", "version": "6.8.0-100-generic"}, "platform": "Java/Ubuntu/21.0.10+7-Ubuntu-124.04"} created with settings MongoClientSettings{readPreference=primary, writeConcern=WriteConcern{w=null, wTimeout=null ms, journal=null}, retryWrites=true, retryReads=true, readConcern=ReadConcern{level=null}, credential=MongoCredential{mechanism=null, userName='projetiot', source='admin', password=<hidden>, mechanismProperties=<hidden>}, transportSettings=null, commandListeners=[], codecRegistry=ProvidersCodecRegistry{codecProviders=[ValueCodecProvider{}, BsonValueCodecProvider{}, DBRefCodecProvider{}, DBObjectCodecProvider{}, DocumentCodecProvider{}, CollectionCodecProvider{}, IterableCodecProvider{}, MapCodecProvider{}, GeoJsonCodecProvider{}, GridFSFileCodecProvider{}, Jsr310CodecProvider{}, JsonObjectCodecProvider{}, BsonCodecProvider{}, EnumCodecProvider{}, com.mongodb.client.model.mql.ExpressionCodecProvider@55a0f011, com.mongodb.Jep395RecordCodecProvider@7ea42c82, com.mongodb.KotlinCodecProvider@39133244]}, loggerSettings=LoggerSettings{maxDocumentLength=1000}, clusterSettings={hosts=[127.0.0.1:27017], srvHost=projetiot.mwwvunz.mongodb.net, srvServiceName=mongodb, mode=MULTIPLE, requiredClusterType=REPLICA_SET, requiredReplicaSetName='atlas-l6g9x5-shard-0', serverSelector='null', clusterListeners='[]', serverSelectionTimeout='30000 ms', localThreshold='15 ms'}, socketSettings=SocketSettings{connectTimeoutMS=10000, readTimeoutMS=0, receiveBufferSize=0, proxySettings=ProxySettings{host=null, port=null, username=null, password=null}}, heartbeatSocketSettings=SocketSettings{connectTimeoutMS=10000, readTimeoutMS=10000, receiveBufferSize=0, proxySettings=ProxySettings{host=null, port=null, username=null, password=null}}, connectionPoolSettings=ConnectionPoolSettings{maxSize=100, minSize=0, maxWaitTimeMS=120000, maxConnectionLifeTimeMS=0, maxConnectionIdleTimeMS=0, maintenanceInitialDelayMS=0, maintenanceFrequencyMS=60000, connectionPoolListeners=[], maxConnecting=2}, serverSettings=ServerSettings{heartbeatFrequencyMS=10000, minHeartbeatFrequencyMS=500, serverMonitoringMode=AUTO, serverListeners='[]', serverMonitorListeners='[]'}, sslSettings=SslSettings{enabled=true, invalidHostNameAllowed=false, context=null}, applicationName='ProjetIot', compressorList=[], uuidRepresentation=UNSPECIFIED, serverApi=null, autoEncryptionSettings=null, dnsClient=null, inetAddressResolver=null, contextProvider=null, timeoutMS=null}
2026-02-14T19:26:50.859+01:00  INFO 193669 --- [Iot] [unz.mongodb.net] org.mongodb.driver.cluster               : Adding discovered server ac-ig8w0x2-shard-00-00.mwwvunz.mongodb.net:27017 to client view of cluster
2026-02-14T19:26:50.862+01:00  INFO 193669 --- [Iot] [unz.mongodb.net] org.mongodb.driver.cluster               : Adding discovered server ac-ig8w0x2-shard-00-02.mwwvunz.mongodb.net:27017 to client view of cluster
2026-02-14T19:26:50.864+01:00  INFO 193669 --- [Iot] [unz.mongodb.net] org.mongodb.driver.cluster               : Adding discovered server ac-ig8w0x2-shard-00-01.mwwvunz.mongodb.net:27017 to client view of cluster
2026-02-14T19:26:51.100+01:00  INFO 193669 --- [Iot] [ngodb.net:27017] org.mongodb.driver.cluster               : Monitor thread successfully connected to server with description ServerDescription{address=ac-ig8w0x2-shard-00-00.mwwvunz.mongodb.net:27017, type=REPLICA_SET_SECONDARY, cryptd=false, state=CONNECTED, ok=true, minWireVersion=0, maxWireVersion=25, maxDocumentSize=16777216, logicalSessionTimeoutMinutes=30, roundTripTimeNanos=191352471, minRoundTripTimeNanos=0, setName='atlas-l6g9x5-shard-0', canonicalAddress=ac-ig8w0x2-shard-00-00.mwwvunz.mongodb.net:27017, hosts=[ac-ig8w0x2-shard-00-01.mwwvunz.mongodb.net:27017, ac-ig8w0x2-shard-00-02.mwwvunz.mongodb.net:27017, ac-ig8w0x2-shard-00-00.mwwvunz.mongodb.net:27017], passives=[], arbiters=[], primary='ac-ig8w0x2-shard-00-01.mwwvunz.mongodb.net:27017', tagSet=TagSet{[Tag{name='availabilityZone', value='europe-west1-b'}, Tag{name='diskState', value='READY'}, Tag{name='nodeType', value='ELECTABLE'}, Tag{name='provider', value='GCP'}, Tag{name='region', value='WESTERN_EUROPE'}, Tag{name='workloadType', value='OPERATIONAL'}]}, electionId=null, setVersion=13, topologyVersion=TopologyVersion{processId=698f99146eafdf8c284dcdb9, counter=4}, lastWriteDate=Sat Feb 14 19:26:50 WEST 2026, lastUpdateTimeNanos=36311518263416}
2026-02-14T19:26:51.101+01:00  INFO 193669 --- [Iot] [ngodb.net:27017] org.mongodb.driver.cluster               : Monitor thread successfully connected to server with description ServerDescription{address=ac-ig8w0x2-shard-00-00.mwwvunz.mongodb.net:27017, type=REPLICA_SET_SECONDARY, cryptd=false, state=CONNECTED, ok=true, minWireVersion=0, maxWireVersion=25, maxDocumentSize=16777216, logicalSessionTimeoutMinutes=30, roundTripTimeNanos=253958285, minRoundTripTimeNanos=0, setName='atlas-l6g9x5-shard-0', canonicalAddress=ac-ig8w0x2-shard-00-00.mwwvunz.mongodb.net:27017, hosts=[ac-ig8w0x2-shard-00-01.mwwvunz.mongodb.net:27017, ac-ig8w0x2-shard-00-02.mwwvunz.mongodb.net:27017, ac-ig8w0x2-shard-00-00.mwwvunz.mongodb.net:27017], passives=[], arbiters=[], primary='ac-ig8w0x2-shard-00-01.mwwvunz.mongodb.net:27017', tagSet=TagSet{[Tag{name='availabilityZone', value='europe-west1-b'}, Tag{name='diskState', value='READY'}, Tag{name='nodeType', value='ELECTABLE'}, Tag{name='provider', value='GCP'}, Tag{name='region', value='WESTERN_EUROPE'}, Tag{name='workloadType', value='OPERATIONAL'}]}, electionId=null, setVersion=13, topologyVersion=TopologyVersion{processId=698f99146eafdf8c284dcdb9, counter=4}, lastWriteDate=Sat Feb 14 19:26:50 WEST 2026, lastUpdateTimeNanos=36311518263158}
2026-02-14T19:26:51.101+01:00  INFO 193669 --- [Iot] [ngodb.net:27017] org.mongodb.driver.cluster               : Monitor thread successfully connected to server with description ServerDescription{address=ac-ig8w0x2-shard-00-02.mwwvunz.mongodb.net:27017, type=REPLICA_SET_SECONDARY, cryptd=false, state=CONNECTED, ok=true, minWireVersion=0, maxWireVersion=25, maxDocumentSize=16777216, logicalSessionTimeoutMinutes=30, roundTripTimeNanos=256319752, minRoundTripTimeNanos=0, setName='atlas-l6g9x5-shard-0', canonicalAddress=ac-ig8w0x2-shard-00-02.mwwvunz.mongodb.net:27017, hosts=[ac-ig8w0x2-shard-00-01.mwwvunz.mongodb.net:27017, ac-ig8w0x2-shard-00-02.mwwvunz.mongodb.net:27017, ac-ig8w0x2-shard-00-00.mwwvunz.mongodb.net:27017], passives=[], arbiters=[], primary='ac-ig8w0x2-shard-00-01.mwwvunz.mongodb.net:27017', tagSet=TagSet{[Tag{name='availabilityZone', value='europe-west1-d'}, Tag{name='diskState', value='READY'}, Tag{name='nodeType', value='ELECTABLE'}, Tag{name='provider', value='GCP'}, Tag{name='region', value='WESTERN_EUROPE'}, Tag{name='workloadType', value='OPERATIONAL'}]}, electionId=null, setVersion=13, topologyVersion=TopologyVersion{processId=698fa03d241ae1aea7388623, counter=3}, lastWriteDate=Sat Feb 14 19:26:50 WEST 2026, lastUpdateTimeNanos=36311518263292}
2026-02-14T19:26:51.101+01:00  INFO 193669 --- [Iot] [ngodb.net:27017] org.mongodb.driver.cluster               : Monitor thread successfully connected to server with description ServerDescription{address=ac-ig8w0x2-shard-00-02.mwwvunz.mongodb.net:27017, type=REPLICA_SET_SECONDARY, cryptd=false, state=CONNECTED, ok=true, minWireVersion=0, maxWireVersion=25, maxDocumentSize=16777216, logicalSessionTimeoutMinutes=30, roundTripTimeNanos=189849202, minRoundTripTimeNanos=0, setName='atlas-l6g9x5-shard-0', canonicalAddress=ac-ig8w0x2-shard-00-02.mwwvunz.mongodb.net:27017, hosts=[ac-ig8w0x2-shard-00-01.mwwvunz.mongodb.net:27017, ac-ig8w0x2-shard-00-02.mwwvunz.mongodb.net:27017, ac-ig8w0x2-shard-00-00.mwwvunz.mongodb.net:27017], passives=[], arbiters=[], primary='ac-ig8w0x2-shard-00-01.mwwvunz.mongodb.net:27017', tagSet=TagSet{[Tag{name='availabilityZone', value='europe-west1-d'}, Tag{name='diskState', value='READY'}, Tag{name='nodeType', value='ELECTABLE'}, Tag{name='provider', value='GCP'}, Tag{name='region', value='WESTERN_EUROPE'}, Tag{name='workloadType', value='OPERATIONAL'}]}, electionId=null, setVersion=13, topologyVersion=TopologyVersion{processId=698fa03d241ae1aea7388623, counter=3}, lastWriteDate=Sat Feb 14 19:26:50 WEST 2026, lastUpdateTimeNanos=36311518263321}
2026-02-14T19:26:51.101+01:00  INFO 193669 --- [Iot] [ngodb.net:27017] org.mongodb.driver.cluster               : Monitor thread successfully connected to server with description ServerDescription{address=ac-ig8w0x2-shard-00-01.mwwvunz.mongodb.net:27017, type=REPLICA_SET_PRIMARY, cryptd=false, state=CONNECTED, ok=true, minWireVersion=0, maxWireVersion=25, maxDocumentSize=16777216, logicalSessionTimeoutMinutes=30, roundTripTimeNanos=188368801, minRoundTripTimeNanos=0, setName='atlas-l6g9x5-shard-0', canonicalAddress=ac-ig8w0x2-shard-00-01.mwwvunz.mongodb.net:27017, hosts=[ac-ig8w0x2-shard-00-01.mwwvunz.mongodb.net:27017, ac-ig8w0x2-shard-00-02.mwwvunz.mongodb.net:27017, ac-ig8w0x2-shard-00-00.mwwvunz.mongodb.net:27017], passives=[], arbiters=[], primary='ac-ig8w0x2-shard-00-01.mwwvunz.mongodb.net:27017', tagSet=TagSet{[Tag{name='availabilityZone', value='europe-west1-c'}, Tag{name='diskState', value='READY'}, Tag{name='nodeType', value='ELECTABLE'}, Tag{name='provider', value='GCP'}, Tag{name='region', value='WESTERN_EUROPE'}, Tag{name='workloadType', value='OPERATIONAL'}]}, electionId=7fffffff000000000000004c, setVersion=13, topologyVersion=TopologyVersion{processId=698f9b1e24a6e25f4bca7909, counter=6}, lastWriteDate=Sat Feb 14 19:26:50 WEST 2026, lastUpdateTimeNanos=36311518263315}
2026-02-14T19:26:51.101+01:00  INFO 193669 --- [Iot] [ngodb.net:27017] org.mongodb.driver.cluster               : Monitor thread successfully connected to server with description ServerDescription{address=ac-ig8w0x2-shard-00-01.mwwvunz.mongodb.net:27017, type=REPLICA_SET_PRIMARY, cryptd=false, state=CONNECTED, ok=true, minWireVersion=0, maxWireVersion=25, maxDocumentSize=16777216, logicalSessionTimeoutMinutes=30, roundTripTimeNanos=254309481, minRoundTripTimeNanos=0, setName='atlas-l6g9x5-shard-0', canonicalAddress=ac-ig8w0x2-shard-00-01.mwwvunz.mongodb.net:27017, hosts=[ac-ig8w0x2-shard-00-01.mwwvunz.mongodb.net:27017, ac-ig8w0x2-shard-00-02.mwwvunz.mongodb.net:27017, ac-ig8w0x2-shard-00-00.mwwvunz.mongodb.net:27017], passives=[], arbiters=[], primary='ac-ig8w0x2-shard-00-01.mwwvunz.mongodb.net:27017', tagSet=TagSet{[Tag{name='availabilityZone', value='europe-west1-c'}, Tag{name='diskState', value='READY'}, Tag{name='nodeType', value='ELECTABLE'}, Tag{name='provider', value='GCP'}, Tag{name='region', value='WESTERN_EUROPE'}, Tag{name='workloadType', value='OPERATIONAL'}]}, electionId=7fffffff000000000000004c, setVersion=13, topologyVersion=TopologyVersion{processId=698f9b1e24a6e25f4bca7909, counter=6}, lastWriteDate=Sat Feb 14 19:26:50 WEST 2026, lastUpdateTimeNanos=36311518263441}
2026-02-14T19:26:51.107+01:00  INFO 193669 --- [Iot] [ngodb.net:27017] org.mongodb.driver.cluster               : Discovered replica set primary ac-ig8w0x2-shard-00-01.mwwvunz.mongodb.net:27017 with max election id 7fffffff000000000000004c and max set version 13
2026-02-14T19:26:51.107+01:00  INFO 193669 --- [Iot] [ngodb.net:27017] org.mongodb.driver.cluster               : Discovered replica set primary ac-ig8w0x2-shard-00-01.mwwvunz.mongodb.net:27017 with max election id 7fffffff000000000000004c and max set version 13
2026-02-14T19:26:51.278+01:00  INFO 193669 --- [Iot] [           main] o.s.b.a.e.web.EndpointLinksResolver      : Exposing 1 endpoint beneath base path '/actuator'
2026-02-14T19:26:51.306+01:00  WARN 193669 --- [Iot] [           main] .s.s.UserDetailsServiceAutoConfiguration : 

Using generated security password: 2eb4abe2-7afe-4858-b107-f86c7d2232d2

This generated password is for development use only. Your security configuration must be updated before running your application in production.

2026-02-14T19:26:51.313+01:00  INFO 193669 --- [Iot] [           main] r$InitializeUserDetailsManagerConfigurer : Global AuthenticationManager configured with UserDetailsService bean with name inMemoryUserDetailsManager
2026-02-14T19:26:51.609+01:00  INFO 193669 --- [Iot] [unz.mongodb.net] org.mongodb.driver.cluster               : Adding discovered server ac-ig8w0x2-shard-00-00.mwwvunz.mongodb.net:27017 to client view of cluster
2026-02-14T19:26:51.609+01:00  INFO 193669 --- [Iot] [           main] org.mongodb.driver.client                : MongoClient with metadata {"application": {"name": "ProjetIot"}, "driver": {"name": "mongo-java-driver|sync|spring-boot", "version": "5.5.2"}, "os": {"type": "Linux", "name": "Linux", "architecture": "amd64", "version": "6.8.0-100-generic"}, "platform": "Java/Ubuntu/21.0.10+7-Ubuntu-124.04"} created with settings MongoClientSettings{readPreference=primary, writeConcern=WriteConcern{w=null, wTimeout=null ms, journal=null}, retryWrites=true, retryReads=true, readConcern=ReadConcern{level=null}, credential=MongoCredential{mechanism=null, userName='projetiot', source='admin', password=<hidden>, mechanismProperties=<hidden>}, transportSettings=null, commandListeners=[io.micrometer.core.instrument.binder.mongodb.MongoMetricsCommandListener@4a5fab78], codecRegistry=ProvidersCodecRegistry{codecProviders=[ValueCodecProvider{}, BsonValueCodecProvider{}, DBRefCodecProvider{}, DBObjectCodecProvider{}, DocumentCodecProvider{}, CollectionCodecProvider{}, IterableCodecProvider{}, MapCodecProvider{}, GeoJsonCodecProvider{}, GridFSFileCodecProvider{}, Jsr310CodecProvider{}, JsonObjectCodecProvider{}, BsonCodecProvider{}, EnumCodecProvider{}, com.mongodb.client.model.mql.ExpressionCodecProvider@55a0f011, com.mongodb.Jep395RecordCodecProvider@7ea42c82, com.mongodb.KotlinCodecProvider@39133244]}, loggerSettings=LoggerSettings{maxDocumentLength=1000}, clusterSettings={hosts=[127.0.0.1:27017], srvHost=projetiot.mwwvunz.mongodb.net, srvServiceName=mongodb, mode=MULTIPLE, requiredClusterType=REPLICA_SET, requiredReplicaSetName='atlas-l6g9x5-shard-0', serverSelector='null', clusterListeners='[]', serverSelectionTimeout='30000 ms', localThreshold='15 ms'}, socketSettings=SocketSettings{connectTimeoutMS=10000, readTimeoutMS=0, receiveBufferSize=0, proxySettings=ProxySettings{host=null, port=null, username=null, password=null}}, heartbeatSocketSettings=SocketSettings{connectTimeoutMS=10000, readTimeoutMS=10000, receiveBufferSize=0, proxySettings=ProxySettings{host=null, port=null, username=null, password=null}}, connectionPoolSettings=ConnectionPoolSettings{maxSize=100, minSize=0, maxWaitTimeMS=120000, maxConnectionLifeTimeMS=0, maxConnectionIdleTimeMS=0, maintenanceInitialDelayMS=0, maintenanceFrequencyMS=60000, connectionPoolListeners=[io.micrometer.core.instrument.binder.mongodb.MongoMetricsConnectionPoolListener@77a85e76], maxConnecting=2}, serverSettings=ServerSettings{heartbeatFrequencyMS=10000, minHeartbeatFrequencyMS=500, serverMonitoringMode=AUTO, serverListeners='[]', serverMonitorListeners='[]'}, sslSettings=SslSettings{enabled=true, invalidHostNameAllowed=false, context=null}, applicationName='ProjetIot', compressorList=[], uuidRepresentation=JAVA_LEGACY, serverApi=null, autoEncryptionSettings=null, dnsClient=null, inetAddressResolver=null, contextProvider=null, timeoutMS=null}
2026-02-14T19:26:51.616+01:00  INFO 193669 --- [Iot] [unz.mongodb.net] org.mongodb.driver.cluster               : Adding discovered server ac-ig8w0x2-shard-00-02.mwwvunz.mongodb.net:27017 to client view of cluster
2026-02-14T19:26:51.618+01:00  INFO 193669 --- [Iot] [unz.mongodb.net] org.mongodb.driver.cluster               : Adding discovered server ac-ig8w0x2-shard-00-01.mwwvunz.mongodb.net:27017 to client view of cluster
2026-02-14T19:26:51.748+01:00  INFO 193669 --- [Iot] [ngodb.net:27017] org.mongodb.driver.cluster               : Monitor thread successfully connected to server with description ServerDescription{address=ac-ig8w0x2-shard-00-00.mwwvunz.mongodb.net:27017, type=REPLICA_SET_SECONDARY, cryptd=false, state=CONNECTED, ok=true, minWireVersion=0, maxWireVersion=25, maxDocumentSize=16777216, logicalSessionTimeoutMinutes=30, roundTripTimeNanos=90327782, minRoundTripTimeNanos=0, setName='atlas-l6g9x5-shard-0', canonicalAddress=ac-ig8w0x2-shard-00-00.mwwvunz.mongodb.net:27017, hosts=[ac-ig8w0x2-shard-00-01.mwwvunz.mongodb.net:27017, ac-ig8w0x2-shard-00-02.mwwvunz.mongodb.net:27017, ac-ig8w0x2-shard-00-00.mwwvunz.mongodb.net:27017], passives=[], arbiters=[], primary='ac-ig8w0x2-shard-00-01.mwwvunz.mongodb.net:27017', tagSet=TagSet{[Tag{name='availabilityZone', value='europe-west1-b'}, Tag{name='diskState', value='READY'}, Tag{name='nodeType', value='ELECTABLE'}, Tag{name='provider', value='GCP'}, Tag{name='region', value='WESTERN_EUROPE'}, Tag{name='workloadType', value='OPERATIONAL'}]}, electionId=null, setVersion=13, topologyVersion=TopologyVersion{processId=698f99146eafdf8c284dcdb9, counter=4}, lastWriteDate=Sat Feb 14 19:26:51 WEST 2026, lastUpdateTimeNanos=36312169807182}
2026-02-14T19:26:51.750+01:00  INFO 193669 --- [Iot] [ngodb.net:27017] org.mongodb.driver.cluster               : Monitor thread successfully connected to server with description ServerDescription{address=ac-ig8w0x2-shard-00-01.mwwvunz.mongodb.net:27017, type=REPLICA_SET_PRIMARY, cryptd=false, state=CONNECTED, ok=true, minWireVersion=0, maxWireVersion=25, maxDocumentSize=16777216, logicalSessionTimeoutMinutes=30, roundTripTimeNanos=88640202, minRoundTripTimeNanos=0, setName='atlas-l6g9x5-shard-0', canonicalAddress=ac-ig8w0x2-shard-00-01.mwwvunz.mongodb.net:27017, hosts=[ac-ig8w0x2-shard-00-01.mwwvunz.mongodb.net:27017, ac-ig8w0x2-shard-00-02.mwwvunz.mongodb.net:27017, ac-ig8w0x2-shard-00-00.mwwvunz.mongodb.net:27017], passives=[], arbiters=[], primary='ac-ig8w0x2-shard-00-01.mwwvunz.mongodb.net:27017', tagSet=TagSet{[Tag{name='availabilityZone', value='europe-west1-c'}, Tag{name='diskState', value='READY'}, Tag{name='nodeType', value='ELECTABLE'}, Tag{name='provider', value='GCP'}, Tag{name='region', value='WESTERN_EUROPE'}, Tag{name='workloadType', value='OPERATIONAL'}]}, electionId=7fffffff000000000000004c, setVersion=13, topologyVersion=TopologyVersion{processId=698f9b1e24a6e25f4bca7909, counter=6}, lastWriteDate=Sat Feb 14 19:26:51 WEST 2026, lastUpdateTimeNanos=36312171955684}
2026-02-14T19:26:51.751+01:00  INFO 193669 --- [Iot] [ngodb.net:27017] org.mongodb.driver.cluster               : Discovered replica set primary ac-ig8w0x2-shard-00-01.mwwvunz.mongodb.net:27017 with max election id 7fffffff000000000000004c and max set version 13
2026-02-14T19:26:51.754+01:00  INFO 193669 --- [Iot] [ngodb.net:27017] org.mongodb.driver.cluster               : Monitor thread successfully connected to server with description ServerDescription{address=ac-ig8w0x2-shard-00-02.mwwvunz.mongodb.net:27017, type=REPLICA_SET_SECONDARY, cryptd=false, state=CONNECTED, ok=true, minWireVersion=0, maxWireVersion=25, maxDocumentSize=16777216, logicalSessionTimeoutMinutes=30, roundTripTimeNanos=90730893, minRoundTripTimeNanos=0, setName='atlas-l6g9x5-shard-0', canonicalAddress=ac-ig8w0x2-shard-00-02.mwwvunz.mongodb.net:27017, hosts=[ac-ig8w0x2-shard-00-01.mwwvunz.mongodb.net:27017, ac-ig8w0x2-shard-00-02.mwwvunz.mongodb.net:27017, ac-ig8w0x2-shard-00-00.mwwvunz.mongodb.net:27017], passives=[], arbiters=[], primary='ac-ig8w0x2-shard-00-01.mwwvunz.mongodb.net:27017', tagSet=TagSet{[Tag{name='availabilityZone', value='europe-west1-d'}, Tag{name='diskState', value='READY'}, Tag{name='nodeType', value='ELECTABLE'}, Tag{name='provider', value='GCP'}, Tag{name='region', value='WESTERN_EUROPE'}, Tag{name='workloadType', value='OPERATIONAL'}]}, electionId=null, setVersion=13, topologyVersion=TopologyVersion{processId=698fa03d241ae1aea7388623, counter=3}, lastWriteDate=Sat Feb 14 19:26:51 WEST 2026, lastUpdateTimeNanos=36312175251503}
2026-02-14T19:26:51.793+01:00  INFO 193669 --- [Iot] [           main] project.iot.Iot.IotApplicationTests      : Started IotApplicationTests in 2.296 seconds (process running for 2.889)
]]></system-out>
    <system-err><![CDATA[Mockito is currently self-attaching to enable the inline-mock-maker. This will no longer work in future releases of the JDK. Please add Mockito as an agent to your build as described in Mockito's documentation: https://javadoc.io/doc/org.mockito/mockito-core/latest/org.mockito/org/mockito/Mockito.html#0.3
WARNING: A Java agent has been loaded dynamically (/home/malek/.m2/repository/net/bytebuddy/byte-buddy-agent/1.17.8/byte-buddy-agent-1.17.8.jar)
WARNING: If a serviceability tool is in use, please run with -XX:+EnableDynamicAgentLoading to hide this warning
WARNING: If a serviceability tool is not in use, please run with -Djdk.instrument.traceUsage for more information
WARNING: Dynamic loading of agents will be disallowed by default in a future release
]]></system-err>
  </testcase>
</testsuite>